22:02:52.156 [main] INFO  - Goto my account-->Click on Login.. 
22:02:52.748 [main] INFO  - Entering email and password.. 
22:02:53.822 [main] INFO  - clicked on login button...
22:04:38.044 [main] INFO  - Goto my account-->Click on Login.. 
22:04:38.887 [main] INFO  - Entering email and password.. 
22:04:39.924 [main] INFO  - clicked on login button...
20:46:14.968 [main] INFO  - Goto my account-->Click on Login.. 
20:46:15.604 [main] INFO  - Entering email and password.. 
20:46:16.411 [main] INFO  - clicked on login button...
20:46:30.013 [main] INFO  - Goto my account-->Click on Login.. 
20:46:31.098 [main] INFO  - Entering email and password.. 
20:46:32.027 [main] INFO  - clicked on login button...
09:04:50.983 [main] INFO  - Goto my account-->Click on Login.. 
09:04:52.182 [main] DEBUG - Parsing relationship: /xl/_rels/workbook.xml.rels
09:04:52.189 [main] DEBUG - Parsing relationship: /xl/worksheets/_rels/sheet1.xml.rels
09:04:52.195 [main] DEBUG - Parsing relationship: /_rels/.rels
09:04:52.792 [main] TRACE - Loading type system org.apache.poi.schemas.ooxml.system.ooxml
09:04:52.801 [main] TRACE - Loading type system org.apache.xmlbeans.metadata.system.sXMLCONFIG
09:04:52.802 [main] TRACE - Loading type system org.apache.xmlbeans.metadata.system.sXMLLANG
09:04:52.803 [main] TRACE - Loading type system org.apache.xmlbeans.metadata.system.sXMLSCHEMA
09:04:52.805 [main] TRACE - Loading type system org.apache.xmlbeans.metadata.system.sXMLTOOLS
09:04:52.810 [main] TRACE - Reading unresolved handles for type system org.apache.xmlbeans.metadata.system.sXMLTOOLS
09:04:52.852 [main] TRACE - Finished loading type system org.apache.xmlbeans.metadata.system.sXMLTOOLS
09:04:52.856 [main] TRACE - Reading unresolved handles for type system org.apache.xmlbeans.metadata.system.sXMLSCHEMA
09:04:52.871 [main] TRACE - Finished loading type system org.apache.xmlbeans.metadata.system.sXMLSCHEMA
09:04:52.877 [main] TRACE - Reading unresolved handles for type system org.apache.xmlbeans.metadata.system.sXMLLANG
09:04:52.880 [main] TRACE - Finished loading type system org.apache.xmlbeans.metadata.system.sXMLLANG
09:04:52.885 [main] TRACE - Reading unresolved handles for type system org.apache.xmlbeans.metadata.system.sXMLCONFIG
09:04:52.887 [main] TRACE - Finished loading type system org.apache.xmlbeans.metadata.system.sXMLCONFIG
09:04:52.892 [main] TRACE - Reading unresolved handles for type system org.apache.poi.schemas.ooxml.system.ooxml
09:04:53.091 [main] TRACE - Finished loading type system org.apache.poi.schemas.ooxml.system.ooxml
09:04:53.093 [main] TRACE - Resolving type for handle themefd26doctype
09:04:53.409 [main] TRACE - Resolving type for handle stylesheet5d8bdoctype
09:04:53.453 [main] TRACE - Resolving type for handle ctstylesheet4257type
09:04:53.475 [main] TRACE - Resolving type for handle ctfonts6623type
09:04:53.490 [main] TRACE - Resolving type for handle ctfont14d8type
09:04:53.513 [main] TRACE - Resolving type for handle ctfills2c6ftype
09:04:53.521 [main] TRACE - Resolving type for handle ctfill550ctype
09:04:53.527 [main] TRACE - Resolving type for handle ctborders0d66type
09:04:53.536 [main] TRACE - Resolving type for handle ctborderf935type
09:04:53.550 [main] TRACE - Resolving type for handle ctcellxfs1322type
09:04:53.560 [main] TRACE - Resolving type for handle ctxf97f7type
09:04:53.573 [main] TRACE - Resolving type for handle ctcellstylexfsa81ftype
09:04:53.581 [main] TRACE - Resolving type for handle ctdxfsb26atype
09:04:53.591 [main] TRACE - Resolving type for handle cttablestyles872ftype
09:04:53.892 [main] TRACE - Resolving type for handle sstf81fdoctype
09:04:53.924 [main] TRACE - Resolving type for handle ctsst44f3type
09:04:53.967 [main] TRACE - Resolving type for handle ctrsta472type
09:04:54.046 [main] DEBUG - using default POIXMLDocumentPart for http://schemas.openxmlformats.org/officeDocument/2006/relationships/printerSettings
09:04:54.049 [main] TRACE - Resolving type for handle workbookec17doctype
09:04:54.077 [main] TRACE - Resolving type for handle ctworkbook83c3type
09:04:54.092 [main] TRACE - Resolving type for handle ctsheets49fdtype
09:04:54.101 [main] TRACE - Resolving type for handle ctsheet4dbetype
09:04:54.108 [main] TRACE - Resolving type for handle strelationshipid1e94type
09:04:54.116 [main] TRACE - Resolving type for handle worksheetf539doctype
09:04:54.143 [main] TRACE - Resolving type for handle ctworksheet530dtype
09:04:54.163 [main] TRACE - Resolving type for handle ctsheetdata8408type
09:04:54.170 [main] TRACE - Resolving type for handle ctrowdd39type
09:04:54.185 [main] TRACE - Resolving type for handle ctcell842btype
09:04:54.206 [main] TRACE - Resolving type for handle stcellrefe4e0type
09:04:54.241 [main] TRACE - Resolving type for handle ctcols627ctype
09:04:54.254 [main] TRACE - Resolving type for handle ctcola95ftype
09:04:54.311 [main] TRACE - Resolving type for handle cthyperlinks6416type
09:04:54.320 [main] TRACE - Resolving type for handle cthyperlink0c85type
09:04:54.337 [main] TRACE - Resolving type for handle stxstringf179type
09:04:54.345 [main] TRACE - Resolving type for handle stcelltypebf95type
09:05:00.621 [main] INFO  - Goto my account-->Click on Login.. 
09:05:01.663 [main] DEBUG - Parsing relationship: /xl/_rels/workbook.xml.rels
09:05:01.668 [main] DEBUG - Parsing relationship: /xl/worksheets/_rels/sheet1.xml.rels
09:05:01.682 [main] DEBUG - Parsing relationship: /_rels/.rels
09:05:01.753 [main] DEBUG - using default POIXMLDocumentPart for http://schemas.openxmlformats.org/officeDocument/2006/relationships/printerSettings
09:05:17.351 [main] INFO  - Goto my account-->Click on Login.. 
09:05:17.795 [main] DEBUG - Parsing relationship: /xl/_rels/workbook.xml.rels
09:05:17.797 [main] DEBUG - Parsing relationship: /xl/worksheets/_rels/sheet1.xml.rels
09:05:17.799 [main] DEBUG - Parsing relationship: /_rels/.rels
09:05:17.862 [main] DEBUG - using default POIXMLDocumentPart for http://schemas.openxmlformats.org/officeDocument/2006/relationships/printerSettings
09:05:33.775 [main] INFO  - Goto my account-->Click on Login.. 
09:05:35.122 [main] DEBUG - Parsing relationship: /xl/_rels/workbook.xml.rels
09:05:35.123 [main] DEBUG - Parsing relationship: /xl/worksheets/_rels/sheet1.xml.rels
09:05:35.143 [main] DEBUG - Parsing relationship: /_rels/.rels
09:05:35.205 [main] DEBUG - using default POIXMLDocumentPart for http://schemas.openxmlformats.org/officeDocument/2006/relationships/printerSettings
09:05:49.344 [main] INFO  - Goto my account-->Click on Login.. 
09:05:50.479 [main] DEBUG - Parsing relationship: /xl/_rels/workbook.xml.rels
09:05:50.486 [main] DEBUG - Parsing relationship: /xl/worksheets/_rels/sheet1.xml.rels
09:05:50.493 [main] DEBUG - Parsing relationship: /_rels/.rels
09:05:50.529 [main] DEBUG - using default POIXMLDocumentPart for http://schemas.openxmlformats.org/officeDocument/2006/relationships/printerSettings
09:38:48.670 [main] INFO  - Goto my account-->Click on Login.. 
09:38:49.405 [main] INFO  - Entering email and password.. 
09:38:50.367 [main] INFO  - clicked on login button...
09:40:23.423 [main] INFO  - Goto my account-->Click on Login.. 
09:40:24.015 [main] INFO  - Entering email and password.. 
09:40:24.857 [main] INFO  - clicked on login button...
09:42:03.375 [main] INFO  - Goto my account-->Click on Login.. 
09:42:04.090 [main] INFO  - Entering email and password.. 
09:42:04.960 [main] INFO  - clicked on login button...
09:42:57.769 [main] INFO  - Goto my account-->Click on Login.. 
09:42:58.599 [main] INFO  - Entering email and password.. 
09:42:59.527 [main] INFO  - clicked on login button...
11:02:28.112 [main] INFO  - Goto my account-->Click on Login.. 
11:02:28.979 [main] INFO  - Entering email and password.. 
11:02:30.565 [main] INFO  - clicked on login button...
11:16:00.376 [main] INFO  - Goto my account-->Click on Login.. 
11:16:01.243 [main] INFO  - Entering email and password.. 
11:16:02.532 [main] INFO  - clicked on login button...
11:18:18.787 [main] INFO  - Goto my account-->Click on Login.. 
11:18:19.650 [main] INFO  - Entering email and password.. 
11:18:20.961 [main] INFO  - clicked on login button...
